<?xml version="1.0" encoding="UTF-8"?>
<testng-results ignored="0" total="1" passed="1" failed="0" skipped="0">
  <reporter-output>
  </reporter-output>
  <suite started-at="2025-12-02T20:46:11 GMT" name="Default suite" finished-at="2025-12-02T20:46:20 GMT" duration-ms="8188">
    <groups>
    </groups>
    <test started-at="2025-12-02T20:46:11 GMT" name="Default test" finished-at="2025-12-02T20:46:20 GMT" duration-ms="8188">
      <class name="CommandsWebelements.NavigationTest">
        <test-method is-config="true" signature="setUp()[pri:0, instance:CommandsWebelements.NavigationTest@6973b51b]" started-at="2025-12-02T20:46:11 GMT" name="setUp" finished-at="2025-12-02T20:46:13 GMT" duration-ms="1268" status="PASS">
          <reporter-output>
          </reporter-output>
        </test-method> <!-- setUp -->
        <test-method signature="testNavigationToTextBoxPage()[pri:1, instance:CommandsWebelements.NavigationTest@6973b51b]" started-at="2025-12-02T20:46:13 GMT" name="testNavigationToTextBoxPage" finished-at="2025-12-02T20:46:20 GMT" duration-ms="6889" status="PASS">
          <reporter-output>
          </reporter-output>
        </test-method> <!-- testNavigationToTextBoxPage -->
        <test-method is-config="true" signature="tearDown()[pri:0, instance:CommandsWebelements.NavigationTest@6973b51b]" started-at="2025-12-02T20:46:20 GMT" name="tearDown" finished-at="2025-12-02T20:46:20 GMT" duration-ms="0" status="PASS">
          <reporter-output>
          </reporter-output>
        </test-method> <!-- tearDown -->
      </class> <!-- CommandsWebelements.NavigationTest -->
    </test> <!-- Default test -->
  </suite> <!-- Default suite -->
</testng-results>
